<testsuites name="results">
  <testsuite name="all" package="all">
    <property name="random_seed" value="1724498877" />
    <testcase name="run_test_read_001" classname="test_axil_adapter_rd" file="/Users/fatimafarooq/Desktop/axi_LLM/venv/lib/python3.12/site-packages/cocotb/regression.py" lineno="731" time="0.005441904067993164" sim_time_ns="0.001" ratio_time="0.1837592113910186">
      <failure message="Test failed with RANDOM_SEED=1724498877" />
    </testcase>
    <testcase name="run_test_read_002" classname="test_axil_adapter_rd" file="/Users/fatimafarooq/Desktop/axi_LLM/venv/lib/python3.12/site-packages/cocotb/regression.py" lineno="731" time="0.0019049644470214844" sim_time_ns="0.001" ratio_time="0.5249441802252817">
      <failure message="Test failed with RANDOM_SEED=1724498877" />
    </testcase>
    <testcase name="run_test_read_003" classname="test_axil_adapter_rd" file="/Users/fatimafarooq/Desktop/axi_LLM/venv/lib/python3.12/site-packages/cocotb/regression.py" lineno="731" time="0.0018322467803955078" sim_time_ns="0.001" ratio_time="0.5457780091086533">
      <failure message="Test failed with RANDOM_SEED=1724498877" />
    </testcase>
    <testcase name="run_test_read_004" classname="test_axil_adapter_rd" file="/Users/fatimafarooq/Desktop/axi_LLM/venv/lib/python3.12/site-packages/cocotb/regression.py" lineno="731" time="0.0018439292907714844" sim_time_ns="0.001" ratio_time="0.5423201448151022">
      <failure message="Test failed with RANDOM_SEED=1724498877" />
    </testcase>
  </testsuite>
</testsuites>
