<testsuites name="results">
  <testsuite name="all" package="all">
    <property name="random_seed" value="1722891352" />
    <testcase name="run_test_read" classname="test_axi_adapter_rd_2" file="/Users/fatimafarooq/anaconda3/lib/python3.11/site-packages/cocotb/regression.py" lineno="63" time="0.0048482418060302734" sim_time_ns="0.001" ratio_time="0.20626033931644946">
      <failure />
    </testcase>
    <testcase name="run_test_read" classname="test_axi_adapter_rd_2" file="/Users/fatimafarooq/anaconda3/lib/python3.11/site-packages/cocotb/regression.py" lineno="63" time="0.0152130126953125" sim_time_ns="0.001" ratio_time="0.0657331995987964">
      <failure />
    </testcase>
    <testcase name="run_test_read" classname="test_axi_adapter_rd_2" file="/Users/fatimafarooq/anaconda3/lib/python3.11/site-packages/cocotb/regression.py" lineno="63" time="0.002218008041381836" sim_time_ns="0.001" ratio_time="0.4508549930130066">
      <failure />
    </testcase>
    <testcase name="run_test_read" classname="test_axi_adapter_rd_2" file="/Users/fatimafarooq/anaconda3/lib/python3.11/site-packages/cocotb/regression.py" lineno="63" time="0.002267122268676758" sim_time_ns="0.001" ratio_time="0.44108781154695553">
      <failure />
    </testcase>
    <testcase name="run_test_read" classname="test_axi_adapter_rd_2" file="/Users/fatimafarooq/anaconda3/lib/python3.11/site-packages/cocotb/regression.py" lineno="63" time="0.002346038818359375" sim_time_ns="0.001" ratio_time="0.42625040650406504">
      <failure />
    </testcase>
    <testcase name="run_test_read" classname="test_axi_adapter_rd_2" file="/Users/fatimafarooq/anaconda3/lib/python3.11/site-packages/cocotb/regression.py" lineno="63" time="0.0022242069244384766" sim_time_ns="0.001" ratio_time="0.4495984564261979">
      <failure />
    </testcase>
    <testcase name="run_test_read" classname="test_axi_adapter_rd_2" file="/Users/fatimafarooq/anaconda3/lib/python3.11/site-packages/cocotb/regression.py" lineno="63" time="0.0018417835235595703" sim_time_ns="0.001" ratio_time="0.5429519741100324">
      <failure />
    </testcase>
    <testcase name="run_test_read" classname="test_axi_adapter_rd_2" file="/Users/fatimafarooq/anaconda3/lib/python3.11/site-packages/cocotb/regression.py" lineno="63" time="0.0021750926971435547" sim_time_ns="0.001" ratio_time="0.4597505206620629">
      <failure />
    </testcase>
  </testsuite>
</testsuites>
