<testsuites name="results">
  <testsuite name="all" package="all">
    <property name="random_seed" value="1722888625" />
    <testcase name="run_test_read" classname="test_axi_adapter_rd_2" file="/Users/fatimafarooq/anaconda3/lib/python3.11/site-packages/cocotb/regression.py" lineno="61" time="0.005215883255004883" sim_time_ns="0.001" ratio_time="0.19172208255245235">
      <failure />
    </testcase>
    <testcase name="run_test_read" classname="test_axi_adapter_rd_2" file="/Users/fatimafarooq/anaconda3/lib/python3.11/site-packages/cocotb/regression.py" lineno="61" time="0.002438783645629883" sim_time_ns="0.001" ratio_time="0.41004047316453224">
      <failure />
    </testcase>
    <testcase name="run_test_read" classname="test_axi_adapter_rd_2" file="/Users/fatimafarooq/anaconda3/lib/python3.11/site-packages/cocotb/regression.py" lineno="61" time="0.002112865447998047" sim_time_ns="0.001" ratio_time="0.47329090498758747">
      <failure />
    </testcase>
    <testcase name="run_test_read" classname="test_axi_adapter_rd_2" file="/Users/fatimafarooq/anaconda3/lib/python3.11/site-packages/cocotb/regression.py" lineno="61" time="0.002095937728881836" sim_time_ns="0.001" ratio_time="0.4771134114435218">
      <failure />
    </testcase>
    <testcase name="run_test_read" classname="test_axi_adapter_rd_2" file="/Users/fatimafarooq/anaconda3/lib/python3.11/site-packages/cocotb/regression.py" lineno="61" time="0.0019800662994384766" sim_time_ns="0.001" ratio_time="0.5050335942203492">
      <failure />
    </testcase>
    <testcase name="run_test_read" classname="test_axi_adapter_rd_2" file="/Users/fatimafarooq/anaconda3/lib/python3.11/site-packages/cocotb/regression.py" lineno="61" time="0.002092123031616211" sim_time_ns="0.001" ratio_time="0.4779833618233618">
      <failure />
    </testcase>
    <testcase name="run_test_read" classname="test_axi_adapter_rd_2" file="/Users/fatimafarooq/anaconda3/lib/python3.11/site-packages/cocotb/regression.py" lineno="61" time="0.002020120620727539" sim_time_ns="0.001" ratio_time="0.49501994570990204">
      <failure />
    </testcase>
    <testcase name="run_test_read" classname="test_axi_adapter_rd_2" file="/Users/fatimafarooq/anaconda3/lib/python3.11/site-packages/cocotb/regression.py" lineno="61" time="0.001961946487426758" sim_time_ns="0.001" ratio_time="0.5096978976789404">
      <failure />
    </testcase>
  </testsuite>
</testsuites>
