<testsuites name="results">
  <testsuite name="all" package="all">
    <property name="random_seed" value="1722891363" />
    <testcase name="run_test_read" classname="test_axi_adapter_rd_2" file="/Users/fatimafarooq/anaconda3/lib/python3.11/site-packages/cocotb/regression.py" lineno="63" time="0.004488945007324219" sim_time_ns="0.001" ratio_time="0.22276949224559167">
      <failure />
    </testcase>
    <testcase name="run_test_read" classname="test_axi_adapter_rd_2" file="/Users/fatimafarooq/anaconda3/lib/python3.11/site-packages/cocotb/regression.py" lineno="63" time="0.0018668174743652344" sim_time_ns="0.001" ratio_time="0.5356710089399744">
      <failure />
    </testcase>
    <testcase name="run_test_read" classname="test_axi_adapter_rd_2" file="/Users/fatimafarooq/anaconda3/lib/python3.11/site-packages/cocotb/regression.py" lineno="63" time="0.001798868179321289" sim_time_ns="0.001" ratio_time="0.5559051027170312">
      <failure />
    </testcase>
    <testcase name="run_test_read" classname="test_axi_adapter_rd_2" file="/Users/fatimafarooq/anaconda3/lib/python3.11/site-packages/cocotb/regression.py" lineno="63" time="0.0018210411071777344" sim_time_ns="0.001" ratio_time="0.5491364231474208">
      <failure />
    </testcase>
    <testcase name="run_test_read" classname="test_axi_adapter_rd_2" file="/Users/fatimafarooq/anaconda3/lib/python3.11/site-packages/cocotb/regression.py" lineno="63" time="0.0018041133880615234" sim_time_ns="0.001" ratio_time="0.5542888859521607">
      <failure />
    </testcase>
    <testcase name="run_test_read" classname="test_axi_adapter_rd_2" file="/Users/fatimafarooq/anaconda3/lib/python3.11/site-packages/cocotb/regression.py" lineno="63" time="0.0018420219421386719" sim_time_ns="0.001" ratio_time="0.5428816981620502">
      <failure />
    </testcase>
    <testcase name="run_test_read" classname="test_axi_adapter_rd_2" file="/Users/fatimafarooq/anaconda3/lib/python3.11/site-packages/cocotb/regression.py" lineno="63" time="0.0018649101257324219" sim_time_ns="0.001" ratio_time="0.5362188698542573">
      <failure />
    </testcase>
    <testcase name="run_test_read" classname="test_axi_adapter_rd_2" file="/Users/fatimafarooq/anaconda3/lib/python3.11/site-packages/cocotb/regression.py" lineno="63" time="0.0018160343170166016" sim_time_ns="0.001" ratio_time="0.5506503872915847">
      <failure />
    </testcase>
  </testsuite>
</testsuites>
