<testsuites name="results">
  <testsuite name="all" package="all">
    <property name="random_seed" value="1722891352" />
    <testcase name="run_test_read" classname="test_axi_adapter_rd_2" file="/Users/fatimafarooq/anaconda3/lib/python3.11/site-packages/cocotb/regression.py" lineno="63" time="0.0044651031494140625" sim_time_ns="0.001" ratio_time="0.22395899188381035">
      <failure />
    </testcase>
    <testcase name="run_test_read" classname="test_axi_adapter_rd_2" file="/Users/fatimafarooq/anaconda3/lib/python3.11/site-packages/cocotb/regression.py" lineno="63" time="0.0019130706787109375" sim_time_ns="0.001" ratio_time="0.5227198404785643">
      <failure />
    </testcase>
    <testcase name="run_test_read" classname="test_axi_adapter_rd_2" file="/Users/fatimafarooq/anaconda3/lib/python3.11/site-packages/cocotb/regression.py" lineno="63" time="0.0018041133880615234" sim_time_ns="0.001" ratio_time="0.5542888859521607">
      <failure />
    </testcase>
    <testcase name="run_test_read" classname="test_axi_adapter_rd_2" file="/Users/fatimafarooq/anaconda3/lib/python3.11/site-packages/cocotb/regression.py" lineno="63" time="0.0018608570098876953" sim_time_ns="0.001" ratio_time="0.5373868033311979">
      <failure />
    </testcase>
    <testcase name="run_test_read" classname="test_axi_adapter_rd_2" file="/Users/fatimafarooq/anaconda3/lib/python3.11/site-packages/cocotb/regression.py" lineno="63" time="0.0018379688262939453" sim_time_ns="0.001" ratio_time="0.5440788688545856">
      <failure />
    </testcase>
    <testcase name="run_test_read" classname="test_axi_adapter_rd_2" file="/Users/fatimafarooq/anaconda3/lib/python3.11/site-packages/cocotb/regression.py" lineno="63" time="0.0018429756164550781" sim_time_ns="0.001" ratio_time="0.5426007761966365">
      <failure />
    </testcase>
    <testcase name="run_test_read" classname="test_axi_adapter_rd_2" file="/Users/fatimafarooq/anaconda3/lib/python3.11/site-packages/cocotb/regression.py" lineno="63" time="0.0018129348754882812" sim_time_ns="0.001" ratio_time="0.5515917937927407">
      <failure />
    </testcase>
    <testcase name="run_test_read" classname="test_axi_adapter_rd_2" file="/Users/fatimafarooq/anaconda3/lib/python3.11/site-packages/cocotb/regression.py" lineno="63" time="0.0018229484558105469" sim_time_ns="0.001" ratio_time="0.5485618624117186">
      <failure />
    </testcase>
  </testsuite>
</testsuites>
