<testsuites name="results">
  <testsuite name="all" package="all">
    <property name="random_seed" value="1722891362" />
    <testcase name="run_test_read" classname="test_axi_adapter_rd_2" file="/Users/fatimafarooq/anaconda3/lib/python3.11/site-packages/cocotb/regression.py" lineno="63" time="0.004572868347167969" sim_time_ns="0.001" ratio_time="0.21868112617309698">
      <failure />
    </testcase>
    <testcase name="run_test_read" classname="test_axi_adapter_rd_2" file="/Users/fatimafarooq/anaconda3/lib/python3.11/site-packages/cocotb/regression.py" lineno="63" time="0.0019712448120117188" sim_time_ns="0.001" ratio_time="0.5072936623125303">
      <failure />
    </testcase>
    <testcase name="run_test_read" classname="test_axi_adapter_rd_2" file="/Users/fatimafarooq/anaconda3/lib/python3.11/site-packages/cocotb/regression.py" lineno="63" time="0.0018718242645263672" sim_time_ns="0.001" ratio_time="0.5342381862183162">
      <failure />
    </testcase>
    <testcase name="run_test_read" classname="test_axi_adapter_rd_2" file="/Users/fatimafarooq/anaconda3/lib/python3.11/site-packages/cocotb/regression.py" lineno="63" time="0.002610921859741211" sim_time_ns="0.001" ratio_time="0.3830064834261711">
      <failure />
    </testcase>
    <testcase name="run_test_read" classname="test_axi_adapter_rd_2" file="/Users/fatimafarooq/anaconda3/lib/python3.11/site-packages/cocotb/regression.py" lineno="63" time="0.0021491050720214844" sim_time_ns="0.001" ratio_time="0.4653099622808964">
      <failure />
    </testcase>
    <testcase name="run_test_read" classname="test_axi_adapter_rd_2" file="/Users/fatimafarooq/anaconda3/lib/python3.11/site-packages/cocotb/regression.py" lineno="63" time="0.001814126968383789" sim_time_ns="0.001" ratio_time="0.5512293336837956">
      <failure />
    </testcase>
    <testcase name="run_test_read" classname="test_axi_adapter_rd_2" file="/Users/fatimafarooq/anaconda3/lib/python3.11/site-packages/cocotb/regression.py" lineno="63" time="0.001811981201171875" sim_time_ns="0.001" ratio_time="0.551882105263158">
      <failure />
    </testcase>
    <testcase name="run_test_read" classname="test_axi_adapter_rd_2" file="/Users/fatimafarooq/anaconda3/lib/python3.11/site-packages/cocotb/regression.py" lineno="63" time="0.0019457340240478516" sim_time_ns="0.001" ratio_time="0.5139448596985664">
      <failure />
    </testcase>
  </testsuite>
</testsuites>
