<testsuites name="results">
  <testsuite name="all" package="all">
    <property name="random_seed" value="1722891047" />
    <testcase name="run_test_read" classname="test_axi_adapter_rd_2" file="/Users/fatimafarooq/anaconda3/lib/python3.11/site-packages/cocotb/regression.py" lineno="62" time="0.0010139942169189453" sim_time_ns="0.001" ratio_time="0.9861989184105338">
      <failure />
    </testcase>
    <testcase name="run_test_read" classname="test_axi_adapter_rd_2" file="/Users/fatimafarooq/anaconda3/lib/python3.11/site-packages/cocotb/regression.py" lineno="62" time="0.00022983551025390625" sim_time_ns="0.001" ratio_time="4.3509377593361">
      <failure />
    </testcase>
    <testcase name="run_test_read" classname="test_axi_adapter_rd_2" file="/Users/fatimafarooq/anaconda3/lib/python3.11/site-packages/cocotb/regression.py" lineno="62" time="0.00016927719116210938" sim_time_ns="0.001" ratio_time="5.907470422535211">
      <failure />
    </testcase>
    <testcase name="run_test_read" classname="test_axi_adapter_rd_2" file="/Users/fatimafarooq/anaconda3/lib/python3.11/site-packages/cocotb/regression.py" lineno="62" time="0.0001728534698486328" sim_time_ns="0.001" ratio_time="5.785246896551724">
      <failure />
    </testcase>
    <testcase name="run_test_read" classname="test_axi_adapter_rd_2" file="/Users/fatimafarooq/anaconda3/lib/python3.11/site-packages/cocotb/regression.py" lineno="62" time="0.0002071857452392578" sim_time_ns="0.001" ratio_time="4.826586881472958">
      <failure />
    </testcase>
    <testcase name="run_test_read" classname="test_axi_adapter_rd_2" file="/Users/fatimafarooq/anaconda3/lib/python3.11/site-packages/cocotb/regression.py" lineno="62" time="0.00026702880859375" sim_time_ns="0.001" ratio_time="3.7449142857142856">
      <failure />
    </testcase>
    <testcase name="run_test_read" classname="test_axi_adapter_rd_2" file="/Users/fatimafarooq/anaconda3/lib/python3.11/site-packages/cocotb/regression.py" lineno="62" time="0.0002009868621826172" sim_time_ns="0.001" ratio_time="4.975449584816133">
      <failure />
    </testcase>
    <testcase name="run_test_read" classname="test_axi_adapter_rd_2" file="/Users/fatimafarooq/anaconda3/lib/python3.11/site-packages/cocotb/regression.py" lineno="62" time="0.00023603439331054688" sim_time_ns="0.001" ratio_time="4.236670707070707">
      <failure />
    </testcase>
  </testsuite>
</testsuites>
