<testsuites name="results">
  <testsuite name="all" package="all">
    <property name="random_seed" value="1724498880" />
    <testcase name="run_test_read_001" classname="test_axil_adapter_rd" file="/Users/fatimafarooq/Desktop/axi_LLM/venv/lib/python3.12/site-packages/cocotb/regression.py" lineno="731" time="0.005315065383911133" sim_time_ns="0.001" ratio_time="0.18814443995873145">
      <failure message="Test failed with RANDOM_SEED=1724498880" />
    </testcase>
    <testcase name="run_test_read_002" classname="test_axil_adapter_rd" file="/Users/fatimafarooq/Desktop/axi_LLM/venv/lib/python3.12/site-packages/cocotb/regression.py" lineno="731" time="0.001825094223022461" sim_time_ns="0.001" ratio_time="0.5479169170476813">
      <failure message="Test failed with RANDOM_SEED=1724498880" />
    </testcase>
    <testcase name="run_test_read_003" classname="test_axil_adapter_rd" file="/Users/fatimafarooq/Desktop/axi_LLM/venv/lib/python3.12/site-packages/cocotb/regression.py" lineno="731" time="0.0017189979553222656" sim_time_ns="0.001" ratio_time="0.5817342579750346">
      <failure message="Test failed with RANDOM_SEED=1724498880" />
    </testcase>
    <testcase name="run_test_read_004" classname="test_axil_adapter_rd" file="/Users/fatimafarooq/Desktop/axi_LLM/venv/lib/python3.12/site-packages/cocotb/regression.py" lineno="731" time="0.0017321109771728516" sim_time_ns="0.001" ratio_time="0.5773302133516862">
      <failure message="Test failed with RANDOM_SEED=1724498880" />
    </testcase>
  </testsuite>
</testsuites>
