<testsuites name="results">
  <testsuite name="all" package="all">
    <property name="random_seed" value="1722958714" />
    <testcase name="run_test_read" classname="test_axi_adapter_rd" file="/Users/fatimafarooq/anaconda3/lib/python3.11/site-packages/cocotb/regression.py" lineno="51" time="0.004500865936279297" sim_time_ns="0.001" ratio_time="0.22217946816400042">
      <failure />
    </testcase>
    <testcase name="run_test_read" classname="test_axi_adapter_rd" file="/Users/fatimafarooq/anaconda3/lib/python3.11/site-packages/cocotb/regression.py" lineno="51" time="0.0018339157104492188" sim_time_ns="0.001" ratio_time="0.5452813312532502">
      <failure />
    </testcase>
    <testcase name="run_test_read" classname="test_axi_adapter_rd" file="/Users/fatimafarooq/anaconda3/lib/python3.11/site-packages/cocotb/regression.py" lineno="51" time="0.0021588802337646484" sim_time_ns="0.001" ratio_time="0.46320309221424627">
      <failure />
    </testcase>
    <testcase name="run_test_read" classname="test_axi_adapter_rd" file="/Users/fatimafarooq/anaconda3/lib/python3.11/site-packages/cocotb/regression.py" lineno="51" time="0.001873016357421875" sim_time_ns="0.001" ratio_time="0.53389816700611">
      <failure />
    </testcase>
    <testcase name="run_test_read" classname="test_axi_adapter_rd" file="/Users/fatimafarooq/anaconda3/lib/python3.11/site-packages/cocotb/regression.py" lineno="51" time="0.0018167495727539062" sim_time_ns="0.001" ratio_time="0.550433595800525">
      <failure />
    </testcase>
    <testcase name="run_test_read" classname="test_axi_adapter_rd" file="/Users/fatimafarooq/anaconda3/lib/python3.11/site-packages/cocotb/regression.py" lineno="51" time="0.0019860267639160156" sim_time_ns="0.001" ratio_time="0.503517887154862">
      <failure />
    </testcase>
    <testcase name="run_test_read" classname="test_axi_adapter_rd" file="/Users/fatimafarooq/anaconda3/lib/python3.11/site-packages/cocotb/regression.py" lineno="51" time="0.0022809505462646484" sim_time_ns="0.001" ratio_time="0.43841371380788124">
      <failure />
    </testcase>
    <testcase name="run_test_read" classname="test_axi_adapter_rd" file="/Users/fatimafarooq/anaconda3/lib/python3.11/site-packages/cocotb/regression.py" lineno="51" time="0.0019156932830810547" sim_time_ns="0.001" ratio_time="0.5220042314872433">
      <failure />
    </testcase>
  </testsuite>
</testsuites>
