<testsuites name="results">
  <testsuite name="all" package="all">
    <property name="random_seed" value="1724498918" />
    <testcase name="run_test_write_001" classname="test_axil_adapter_wr" file="/Users/fatimafarooq/Desktop/axi_LLM/venv/lib/python3.12/site-packages/cocotb/regression.py" lineno="731" time="0.013614177703857422" sim_time_ns="0.001" ratio_time="0.07345283877972751">
      <failure message="Test failed with RANDOM_SEED=1724498918" />
    </testcase>
    <testcase name="run_test_write_002" classname="test_axil_adapter_wr" file="/Users/fatimafarooq/Desktop/axi_LLM/venv/lib/python3.12/site-packages/cocotb/regression.py" lineno="731" time="0.004008054733276367" sim_time_ns="0.001" ratio_time="0.24949759086312534">
      <failure message="Test failed with RANDOM_SEED=1724498918" />
    </testcase>
    <testcase name="run_test_write_003" classname="test_axil_adapter_wr" file="/Users/fatimafarooq/Desktop/axi_LLM/venv/lib/python3.12/site-packages/cocotb/regression.py" lineno="731" time="0.003883838653564453" sim_time_ns="0.001" ratio_time="0.25747722529158995">
      <failure message="Test failed with RANDOM_SEED=1724498918" />
    </testcase>
    <testcase name="run_test_write_004" classname="test_axil_adapter_wr" file="/Users/fatimafarooq/Desktop/axi_LLM/venv/lib/python3.12/site-packages/cocotb/regression.py" lineno="731" time="0.003987789154052734" sim_time_ns="0.001" ratio_time="0.250765514767428">
      <failure message="Test failed with RANDOM_SEED=1724498918" />
    </testcase>
  </testsuite>
</testsuites>
