<testsuites name="results">
  <testsuite name="all" package="all">
    <property name="random_seed" value="1724498917" />
    <testcase name="run_test_write_001" classname="test_axil_adapter_wr" file="/Users/fatimafarooq/Desktop/axi_LLM/venv/lib/python3.12/site-packages/cocotb/regression.py" lineno="731" time="0.012082338333129883" sim_time_ns="0.001" ratio_time="0.08276543599660596">
      <failure message="Test failed with RANDOM_SEED=1724498917" />
    </testcase>
    <testcase name="run_test_write_002" classname="test_axil_adapter_wr" file="/Users/fatimafarooq/Desktop/axi_LLM/venv/lib/python3.12/site-packages/cocotb/regression.py" lineno="731" time="0.004047870635986328" sim_time_ns="0.001" ratio_time="0.24704346801743432">
      <failure message="Test failed with RANDOM_SEED=1724498917" />
    </testcase>
    <testcase name="run_test_write_003" classname="test_axil_adapter_wr" file="/Users/fatimafarooq/Desktop/axi_LLM/venv/lib/python3.12/site-packages/cocotb/regression.py" lineno="731" time="0.003963947296142578" sim_time_ns="0.001" ratio_time="0.2522737880428245">
      <failure message="Test failed with RANDOM_SEED=1724498917" />
    </testcase>
    <testcase name="run_test_write_004" classname="test_axil_adapter_wr" file="/Users/fatimafarooq/Desktop/axi_LLM/venv/lib/python3.12/site-packages/cocotb/regression.py" lineno="731" time="0.005043983459472656" sim_time_ns="0.001" ratio_time="0.19825600302514654">
      <failure message="Test failed with RANDOM_SEED=1724498917" />
    </testcase>
  </testsuite>
</testsuites>
