<testsuites name="results">
  <testsuite name="all" package="all">
    <property name="random_seed" value="1724498921" />
    <testcase name="run_test_write_001" classname="test_axil_adapter_wr" file="/Users/fatimafarooq/Desktop/axi_LLM/venv/lib/python3.12/site-packages/cocotb/regression.py" lineno="731" time="0.008008956909179688" sim_time_ns="0.001" ratio_time="0.12486020481066921">
      <failure message="Test failed with RANDOM_SEED=1724498921" />
    </testcase>
    <testcase name="run_test_write_002" classname="test_axil_adapter_wr" file="/Users/fatimafarooq/Desktop/axi_LLM/venv/lib/python3.12/site-packages/cocotb/regression.py" lineno="731" time="0.012914896011352539" sim_time_ns="0.001" ratio_time="0.0774299691705588">
      <failure message="Test failed with RANDOM_SEED=1724498921" />
    </testcase>
    <testcase name="run_test_write_003" classname="test_axil_adapter_wr" file="/Users/fatimafarooq/Desktop/axi_LLM/venv/lib/python3.12/site-packages/cocotb/regression.py" lineno="731" time="0.003777027130126953" sim_time_ns="0.001" ratio_time="0.26475849008963515">
      <failure message="Test failed with RANDOM_SEED=1724498921" />
    </testcase>
    <testcase name="run_test_write_004" classname="test_axil_adapter_wr" file="/Users/fatimafarooq/Desktop/axi_LLM/venv/lib/python3.12/site-packages/cocotb/regression.py" lineno="731" time="0.004068851470947266" sim_time_ns="0.001" ratio_time="0.24576960037501466">
      <failure message="Test failed with RANDOM_SEED=1724498921" />
    </testcase>
  </testsuite>
</testsuites>
