<testsuites name="results">
  <testsuite name="all" package="all">
    <property name="random_seed" value="1724498914" />
    <testcase name="run_test_write_001" classname="test_axil_adapter_wr" file="/Users/fatimafarooq/Desktop/axi_LLM/venv/lib/python3.12/site-packages/cocotb/regression.py" lineno="731" time="0.008673667907714844" sim_time_ns="0.001" ratio_time="0.11529147883452447">
      <failure message="Test failed with RANDOM_SEED=1724498914" />
    </testcase>
    <testcase name="run_test_write_002" classname="test_axil_adapter_wr" file="/Users/fatimafarooq/Desktop/axi_LLM/venv/lib/python3.12/site-packages/cocotb/regression.py" lineno="731" time="0.004354238510131836" sim_time_ns="0.001" ratio_time="0.2296612823741992">
      <failure message="Test failed with RANDOM_SEED=1724498914" />
    </testcase>
    <testcase name="run_test_write_003" classname="test_axil_adapter_wr" file="/Users/fatimafarooq/Desktop/axi_LLM/venv/lib/python3.12/site-packages/cocotb/regression.py" lineno="731" time="0.0037877559661865234" sim_time_ns="0.001" ratio_time="0.2640085604582363">
      <failure message="Test failed with RANDOM_SEED=1724498914" />
    </testcase>
    <testcase name="run_test_write_004" classname="test_axil_adapter_wr" file="/Users/fatimafarooq/Desktop/axi_LLM/venv/lib/python3.12/site-packages/cocotb/regression.py" lineno="731" time="0.0069119930267333984" sim_time_ns="0.001" ratio_time="0.14467607188437792">
      <failure message="Test failed with RANDOM_SEED=1724498914" />
    </testcase>
  </testsuite>
</testsuites>
