<testsuites name="results">
  <testsuite name="all" package="all">
    <property name="random_seed" value="1724498912" />
    <testcase name="run_test_write_001" classname="test_axil_adapter_wr" file="/Users/fatimafarooq/Desktop/axi_LLM/venv/lib/python3.12/site-packages/cocotb/regression.py" lineno="731" time="0.013376951217651367" sim_time_ns="0.001" ratio_time="0.07475544940916463">
      <failure message="Test failed with RANDOM_SEED=1724498912" />
    </testcase>
    <testcase name="run_test_write_002" classname="test_axil_adapter_wr" file="/Users/fatimafarooq/Desktop/axi_LLM/venv/lib/python3.12/site-packages/cocotb/regression.py" lineno="731" time="0.0040721893310546875" sim_time_ns="0.001" ratio_time="0.24556814988290399">
      <failure message="Test failed with RANDOM_SEED=1724498912" />
    </testcase>
    <testcase name="run_test_write_003" classname="test_axil_adapter_wr" file="/Users/fatimafarooq/Desktop/axi_LLM/venv/lib/python3.12/site-packages/cocotb/regression.py" lineno="731" time="0.00444793701171875" sim_time_ns="0.001" ratio_time="0.22482332761578044">
      <failure message="Test failed with RANDOM_SEED=1724498912" />
    </testcase>
    <testcase name="run_test_write_004" classname="test_axil_adapter_wr" file="/Users/fatimafarooq/Desktop/axi_LLM/venv/lib/python3.12/site-packages/cocotb/regression.py" lineno="731" time="0.004319190979003906" sim_time_ns="0.001" ratio_time="0.23152483992051226">
      <failure message="Test failed with RANDOM_SEED=1724498912" />
    </testcase>
  </testsuite>
</testsuites>
