<testsuites name="results">
  <testsuite name="all" package="all">
    <property name="random_seed" value="1724498919" />
    <testcase name="run_test_write_001" classname="test_axil_adapter_wr" file="/Users/fatimafarooq/Desktop/axi_LLM/venv/lib/python3.12/site-packages/cocotb/regression.py" lineno="731" time="0.014584064483642578" sim_time_ns="0.001" ratio_time="0.06856799084518556">
      <failure message="Test failed with RANDOM_SEED=1724498919" />
    </testcase>
    <testcase name="run_test_write_002" classname="test_axil_adapter_wr" file="/Users/fatimafarooq/Desktop/axi_LLM/venv/lib/python3.12/site-packages/cocotb/regression.py" lineno="731" time="0.004057168960571289" sim_time_ns="0.001" ratio_time="0.2464772874184639">
      <failure message="Test failed with RANDOM_SEED=1724498919" />
    </testcase>
    <testcase name="run_test_write_003" classname="test_axil_adapter_wr" file="/Users/fatimafarooq/Desktop/axi_LLM/venv/lib/python3.12/site-packages/cocotb/regression.py" lineno="731" time="0.004761695861816406" sim_time_ns="0.001" ratio_time="0.2100092128980573">
      <failure message="Test failed with RANDOM_SEED=1724498919" />
    </testcase>
    <testcase name="run_test_write_004" classname="test_axil_adapter_wr" file="/Users/fatimafarooq/Desktop/axi_LLM/venv/lib/python3.12/site-packages/cocotb/regression.py" lineno="731" time="0.0049211978912353516" sim_time_ns="0.001" ratio_time="0.20320255801560003">
      <failure message="Test failed with RANDOM_SEED=1724498919" />
    </testcase>
  </testsuite>
</testsuites>
