<testsuites name="results">
  <testsuite name="all" package="all">
    <property name="random_seed" value="1724498882" />
    <testcase name="run_test_read_001" classname="test_axil_adapter_rd" file="/Users/fatimafarooq/Desktop/axi_LLM/venv/lib/python3.12/site-packages/cocotb/regression.py" lineno="731" time="0.0050029754638671875" sim_time_ns="0.001" ratio_time="0.1998810522302707">
      <failure message="Test failed with RANDOM_SEED=1724498882" />
    </testcase>
    <testcase name="run_test_read_002" classname="test_axil_adapter_rd" file="/Users/fatimafarooq/Desktop/axi_LLM/venv/lib/python3.12/site-packages/cocotb/regression.py" lineno="731" time="0.0017979145050048828" sim_time_ns="0.001" ratio_time="0.5561999734783185">
      <failure message="Test failed with RANDOM_SEED=1724498882" />
    </testcase>
    <testcase name="run_test_read_003" classname="test_axil_adapter_rd" file="/Users/fatimafarooq/Desktop/axi_LLM/venv/lib/python3.12/site-packages/cocotb/regression.py" lineno="731" time="0.001734018325805664" sim_time_ns="0.001" ratio_time="0.5766951739309776">
      <failure message="Test failed with RANDOM_SEED=1724498882" />
    </testcase>
    <testcase name="run_test_read_004" classname="test_axil_adapter_rd" file="/Users/fatimafarooq/Desktop/axi_LLM/venv/lib/python3.12/site-packages/cocotb/regression.py" lineno="731" time="0.0017447471618652344" sim_time_ns="0.001" ratio_time="0.5731489477999454">
      <failure message="Test failed with RANDOM_SEED=1724498882" />
    </testcase>
  </testsuite>
</testsuites>
