<testsuites name="results">
  <testsuite name="all" package="all">
    <property name="random_seed" value="1724501672" />
    <testcase name="run_test_read_001" classname="test_axil_register_wr" file="/Users/fatimafarooq/Desktop/axi_LLM/venv/lib/python3.12/site-packages/cocotb/regression.py" lineno="731" time="0.0054819583892822266" sim_time_ns="0.001" ratio_time="0.18241656156221459">
      <failure message="Test failed with RANDOM_SEED=1724501672" />
    </testcase>
    <testcase name="run_test_read_002" classname="test_axil_register_wr" file="/Users/fatimafarooq/Desktop/axi_LLM/venv/lib/python3.12/site-packages/cocotb/regression.py" lineno="731" time="0.003893136978149414" sim_time_ns="0.001" ratio_time="0.25686226958172576">
      <failure message="Test failed with RANDOM_SEED=1724501672" />
    </testcase>
    <testcase name="run_test_read_003" classname="test_axil_register_wr" file="/Users/fatimafarooq/Desktop/axi_LLM/venv/lib/python3.12/site-packages/cocotb/regression.py" lineno="731" time="0.0023179054260253906" sim_time_ns="0.001" ratio_time="0.4314239868339848">
      <failure message="Test failed with RANDOM_SEED=1724501672" />
    </testcase>
    <testcase name="run_test_read_004" classname="test_axil_register_wr" file="/Users/fatimafarooq/Desktop/axi_LLM/venv/lib/python3.12/site-packages/cocotb/regression.py" lineno="731" time="0.0021419525146484375" sim_time_ns="0.001" ratio_time="0.4668637577916296">
      <failure message="Test failed with RANDOM_SEED=1724501672" />
    </testcase>
  </testsuite>
</testsuites>
