<testsuites name="results">
  <testsuite name="all" package="all">
    <property name="random_seed" value="1724498915" />
    <testcase name="run_test_write_001" classname="test_axil_adapter_wr" file="/Users/fatimafarooq/Desktop/axi_LLM/venv/lib/python3.12/site-packages/cocotb/regression.py" lineno="731" time="0.018491029739379883" sim_time_ns="0.001" ratio_time="0.054080276441842774">
      <failure message="Test failed with RANDOM_SEED=1724498915" />
    </testcase>
    <testcase name="run_test_write_002" classname="test_axil_adapter_wr" file="/Users/fatimafarooq/Desktop/axi_LLM/venv/lib/python3.12/site-packages/cocotb/regression.py" lineno="731" time="0.005666017532348633" sim_time_ns="0.001" ratio_time="0.17649080580685883">
      <failure message="Test failed with RANDOM_SEED=1724498915" />
    </testcase>
    <testcase name="run_test_write_003" classname="test_axil_adapter_wr" file="/Users/fatimafarooq/Desktop/axi_LLM/venv/lib/python3.12/site-packages/cocotb/regression.py" lineno="731" time="0.003772258758544922" sim_time_ns="0.001" ratio_time="0.26509316142080647">
      <failure message="Test failed with RANDOM_SEED=1724498915" />
    </testcase>
    <testcase name="run_test_write_004" classname="test_axil_adapter_wr" file="/Users/fatimafarooq/Desktop/axi_LLM/venv/lib/python3.12/site-packages/cocotb/regression.py" lineno="731" time="0.005973100662231445" sim_time_ns="0.001" ratio_time="0.16741723546082307">
      <failure message="Test failed with RANDOM_SEED=1724498915" />
    </testcase>
  </testsuite>
</testsuites>
